Changelog for NRFO (No Root Full Optimization) Tweaks:

• Fixed Google Play Services crash issue that caused the app to unexpectedly close.
• Fixed the "Contact Not Available" bug, ensuring smooth access to contacts within the app.
• Addressed and resolved the WhatsApp problem, ensuring proper functionality and stability.

• Implemented new optimization techniques for improved overall performance and responsiveness.
• Updated the app's user interface, providing a more intuitive and visually appealing experience.
• Resolved compatibility issues with the latest Android OS version, ensuring seamless operation.
• Fixed minor bugs and glitches reported by users for a smoother user experience.

• Introduced battery-saving optimizations to extend device battery life while using the app.
• Further fine-tuned memory management to reduce the app's memory footprint.
• Fixed occasional crashes on certain devices, ensuring stability across the board.
• Improved background processes handling to enhance overall system performance.

• Addressed security vulnerabilities to safeguard user data and protect against potential threats.
• Optimized networking protocols for faster data transfer and reduced latency.
• Enhanced compatibility with a wider range of Android devices and screen resolutions.
• Resolved reported issues with app permissions and privacy concerns.

• Integrated a comprehensive help and support section to assist users with common queries.
• Added multilingual support, enabling users to access the app in their preferred language.
• Implemented an automatic update system, ensuring users receive the latest features and bug fixes seamlessly.
• Fixed rare instances of app freeze or unresponsiveness for a smoother user experience.

• Enhanced background task management to optimize system resources further.
• Introduced a new dark mode option for reduced eye strain during nighttime use.
• Improved the app's caching mechanism for faster loading times of frequently accessed content.
• Resolved reported issues with push notifications not displaying correctly.
